<?xml version="1.0" encoding="UTF-8"?>
<!-- Generated by org.testng.reporters.JUnitXMLReporter -->
<testsuite hostname="DESKTOP-MM2H483" ignored="0" name="Hms admin login Test" tests="13" failures="1" timestamp="24 Apr 2021 10:09:38 GMT" time="487.013" errors="0">
  <testcase name="addvisitor" time="18.911" classname="Inf.admintestcases.addvisitorpagetest"/>
  <testcase name="addvisitor" time="18.254" classname="Inf.admintestcases.addvisitorpagetest"/>
  <testcase name="titletest" time="0.017" classname="Inf.admintestcases.logintestcase"/>
  <testcase name="checktitletest" time="0.291" classname="Inf.admintestcases.homepagetest"/>
  <testcase name="checktitletest" time="0.076" classname="Inf.admintestcases.frontofficetest"/>
  <testcase name="checkvisitorlist" time="0.11" classname="Inf.admintestcases.addvisitorpagetest"/>
  <testcase name="logotest" time="0.187" classname="Inf.admintestcases.logintestcase"/>
  <testcase name="checkuserlabel" time="0.953" classname="Inf.admintestcases.homepagetest"/>
  <testcase name="clickvisitorbook" time="4.217" classname="Inf.admintestcases.frontofficetest"/>
  <testcase name="clickaddvisitoroption" time="0.364" classname="Inf.admintestcases.addvisitorpagetest"/>
  <testcase name="logintest" time="18.621" classname="Inf.admintestcases.logintestcase"/>
  <testcase name="display1" time="10.595" classname="Inf.admintestcases.addvisitorpagetest">
    <failure type="java.lang.NullPointerException">
      <![CDATA[java.lang.NullPointerException
	at Inf.pages.addvisitorpage.display(addvisitorpage.java:63)
	at Inf.admintestcases.addvisitorpagetest.display1(addvisitorpagetest.java:59)
... Removed 25 stack frames]]>
    </failure>
  </testcase> <!-- display1 -->
  <testcase name="checkfrontofficeclick" time="6.309" classname="Inf.admintestcases.homepagetest"/>
</testsuite> <!-- Hms admin login Test -->
