<?xml version="1.0" encoding="UTF-8"?>
<!-- Generated by org.testng.reporters.JUnitXMLReporter -->
<testsuite hostname="DESKTOP-MM2H483" ignored="0" name="Test" tests="3" failures="0" timestamp="19 Apr 2021 11:13:08 GMT" time="82.775" errors="0">
  <testcase name="titletest" time="0.02" classname="Inf.admintestcases.logintestcase"/>
  <testcase name="logotest" time="0.211" classname="Inf.admintestcases.logintestcase"/>
  <testcase name="logintest" time="33.48" classname="Inf.admintestcases.logintestcase"/>
</testsuite> <!-- Test -->
