<?xml version="1.0" encoding="UTF-8"?>
<testng-results skipped="0" failed="0" ignored="0" total="3" passed="3">
  <reporter-output>
  </reporter-output>
  <suite name="Suite" duration-ms="82775" started-at="2021-04-19T11:11:46Z" finished-at="2021-04-19T11:13:08Z">
    <groups>
    </groups>
    <test name="Test" duration-ms="82775" started-at="2021-04-19T11:11:46Z" finished-at="2021-04-19T11:13:08Z">
      <class name="Inf.admintestcases.logintestcase">
        <test-method status="PASS" signature="setup()[pri:0, instance:Inf.admintestcases.logintestcase@7181ae3f]" name="setup" is-config="true" duration-ms="18776" started-at="2021-04-19T16:41:46Z" finished-at="2021-04-19T16:42:04Z">
          <reporter-output>
          </reporter-output>
        </test-method> <!-- setup -->
        <test-method status="PASS" signature="titletest()[pri:1, instance:Inf.admintestcases.logintestcase@7181ae3f]" name="titletest" duration-ms="20" started-at="2021-04-19T16:42:04Z" finished-at="2021-04-19T16:42:04Z">
          <reporter-output>
          </reporter-output>
        </test-method> <!-- titletest -->
        <test-method status="PASS" signature="afterMethod()[pri:0, instance:Inf.admintestcases.logintestcase@7181ae3f]" name="afterMethod" is-config="true" duration-ms="260" started-at="2021-04-19T16:42:04Z" finished-at="2021-04-19T16:42:05Z">
          <reporter-output>
          </reporter-output>
        </test-method> <!-- afterMethod -->
        <test-method status="PASS" signature="setup()[pri:0, instance:Inf.admintestcases.logintestcase@7181ae3f]" name="setup" is-config="true" duration-ms="14689" started-at="2021-04-19T16:42:05Z" finished-at="2021-04-19T16:42:19Z">
          <reporter-output>
          </reporter-output>
        </test-method> <!-- setup -->
        <test-method status="PASS" signature="logotest()[pri:2, instance:Inf.admintestcases.logintestcase@7181ae3f]" name="logotest" duration-ms="211" started-at="2021-04-19T16:42:19Z" finished-at="2021-04-19T16:42:20Z">
          <reporter-output>
          </reporter-output>
        </test-method> <!-- logotest -->
        <test-method status="PASS" signature="afterMethod()[pri:0, instance:Inf.admintestcases.logintestcase@7181ae3f]" name="afterMethod" is-config="true" duration-ms="203" started-at="2021-04-19T16:42:20Z" finished-at="2021-04-19T16:42:20Z">
          <reporter-output>
          </reporter-output>
        </test-method> <!-- afterMethod -->
        <test-method status="PASS" signature="setup()[pri:0, instance:Inf.admintestcases.logintestcase@7181ae3f]" name="setup" is-config="true" duration-ms="14691" started-at="2021-04-19T16:42:20Z" finished-at="2021-04-19T16:42:34Z">
          <reporter-output>
          </reporter-output>
        </test-method> <!-- setup -->
        <test-method status="PASS" signature="logintest()[pri:3, instance:Inf.admintestcases.logintestcase@7181ae3f]" name="logintest" duration-ms="33480" started-at="2021-04-19T16:42:34Z" finished-at="2021-04-19T16:43:08Z">
          <reporter-output>
          </reporter-output>
        </test-method> <!-- logintest -->
        <test-method status="PASS" signature="afterMethod()[pri:0, instance:Inf.admintestcases.logintestcase@7181ae3f]" name="afterMethod" is-config="true" duration-ms="395" started-at="2021-04-19T16:43:08Z" finished-at="2021-04-19T16:43:08Z">
          <reporter-output>
          </reporter-output>
        </test-method> <!-- afterMethod -->
      </class> <!-- Inf.admintestcases.logintestcase -->
    </test> <!-- Test -->
  </suite> <!-- Suite -->
</testng-results>
