<?xml version="1.0" encoding="UTF-8"?>
<testng-results skipped="0" failed="1" ignored="0" total="13" passed="12">
  <reporter-output>
  </reporter-output>
  <suite name="Suite" duration-ms="487013" started-at="2021-04-24T10:01:30Z" finished-at="2021-04-24T10:09:37Z">
    <groups>
    </groups>
    <test name="Hms admin login Test" duration-ms="487013" started-at="2021-04-24T10:01:30Z" finished-at="2021-04-24T10:09:37Z">
      <class name="Inf.admintestcases.homepagetest">
        <test-method status="PASS" signature="beforeMethod()[pri:0, instance:Inf.admintestcases.homepagetest@55ca8de8]" name="beforeMethod" is-config="true" duration-ms="23489" started-at="2021-04-24T15:33:35Z" finished-at="2021-04-24T15:33:59Z">
          <reporter-output>
          </reporter-output>
        </test-method> <!-- beforeMethod -->
        <test-method status="PASS" signature="checktitletest()[pri:1, instance:Inf.admintestcases.homepagetest@55ca8de8]" name="checktitletest" duration-ms="291" started-at="2021-04-24T15:33:59Z" finished-at="2021-04-24T15:33:59Z">
          <reporter-output>
          </reporter-output>
        </test-method> <!-- checktitletest -->
        <test-method status="PASS" signature="afterMethod()[pri:0, instance:Inf.admintestcases.homepagetest@55ca8de8]" name="afterMethod" is-config="true" duration-ms="4211" started-at="2021-04-24T15:33:59Z" finished-at="2021-04-24T15:34:03Z">
          <reporter-output>
          </reporter-output>
        </test-method> <!-- afterMethod -->
        <test-method status="PASS" signature="beforeMethod()[pri:0, instance:Inf.admintestcases.homepagetest@55ca8de8]" name="beforeMethod" is-config="true" duration-ms="22944" started-at="2021-04-24T15:35:15Z" finished-at="2021-04-24T15:35:38Z">
          <reporter-output>
          </reporter-output>
        </test-method> <!-- beforeMethod -->
        <test-method status="PASS" signature="checkuserlabel()[pri:2, instance:Inf.admintestcases.homepagetest@55ca8de8]" name="checkuserlabel" duration-ms="953" started-at="2021-04-24T15:35:38Z" finished-at="2021-04-24T15:35:39Z">
          <reporter-output>
          </reporter-output>
        </test-method> <!-- checkuserlabel -->
        <test-method status="PASS" signature="afterMethod()[pri:0, instance:Inf.admintestcases.homepagetest@55ca8de8]" name="afterMethod" is-config="true" duration-ms="269" started-at="2021-04-24T15:35:39Z" finished-at="2021-04-24T15:35:39Z">
          <reporter-output>
          </reporter-output>
        </test-method> <!-- afterMethod -->
        <test-method status="PASS" signature="beforeMethod()[pri:0, instance:Inf.admintestcases.homepagetest@55ca8de8]" name="beforeMethod" is-config="true" duration-ms="40978" started-at="2021-04-24T15:38:50Z" finished-at="2021-04-24T15:39:31Z">
          <reporter-output>
          </reporter-output>
        </test-method> <!-- beforeMethod -->
        <test-method status="PASS" signature="checkfrontofficeclick()[pri:3, instance:Inf.admintestcases.homepagetest@55ca8de8]" name="checkfrontofficeclick" duration-ms="6309" started-at="2021-04-24T15:39:31Z" finished-at="2021-04-24T15:39:37Z">
          <reporter-output>
          </reporter-output>
        </test-method> <!-- checkfrontofficeclick -->
        <test-method status="PASS" signature="afterMethod()[pri:0, instance:Inf.admintestcases.homepagetest@55ca8de8]" name="afterMethod" is-config="true" duration-ms="165" started-at="2021-04-24T15:39:37Z" finished-at="2021-04-24T15:39:37Z">
          <reporter-output>
          </reporter-output>
        </test-method> <!-- afterMethod -->
      </class> <!-- Inf.admintestcases.homepagetest -->
      <class name="Inf.admintestcases.logintestcase">
        <test-method status="PASS" signature="setup()[pri:0, instance:Inf.admintestcases.logintestcase@2893de87]" name="setup" is-config="true" duration-ms="9255" started-at="2021-04-24T15:33:26Z" finished-at="2021-04-24T15:33:35Z">
          <reporter-output>
          </reporter-output>
        </test-method> <!-- setup -->
        <test-method status="PASS" signature="titletest()[pri:1, instance:Inf.admintestcases.logintestcase@2893de87]" name="titletest" duration-ms="17" started-at="2021-04-24T15:33:35Z" finished-at="2021-04-24T15:33:35Z">
          <reporter-output>
          </reporter-output>
        </test-method> <!-- titletest -->
        <test-method status="PASS" signature="afterMethod()[pri:0, instance:Inf.admintestcases.logintestcase@2893de87]" name="afterMethod" is-config="true" duration-ms="98" started-at="2021-04-24T15:33:35Z" finished-at="2021-04-24T15:33:35Z">
          <reporter-output>
          </reporter-output>
        </test-method> <!-- afterMethod -->
        <test-method status="PASS" signature="setup()[pri:0, instance:Inf.admintestcases.logintestcase@2893de87]" name="setup" is-config="true" duration-ms="7916" started-at="2021-04-24T15:35:07Z" finished-at="2021-04-24T15:35:14Z">
          <reporter-output>
          </reporter-output>
        </test-method> <!-- setup -->
        <test-method status="PASS" signature="logotest()[pri:2, instance:Inf.admintestcases.logintestcase@2893de87]" name="logotest" duration-ms="187" started-at="2021-04-24T15:35:14Z" finished-at="2021-04-24T15:35:15Z">
          <reporter-output>
          </reporter-output>
        </test-method> <!-- logotest -->
        <test-method status="PASS" signature="afterMethod()[pri:0, instance:Inf.admintestcases.logintestcase@2893de87]" name="afterMethod" is-config="true" duration-ms="180" started-at="2021-04-24T15:35:15Z" finished-at="2021-04-24T15:35:15Z">
          <reporter-output>
          </reporter-output>
        </test-method> <!-- afterMethod -->
        <test-method status="PASS" signature="setup()[pri:0, instance:Inf.admintestcases.logintestcase@2893de87]" name="setup" is-config="true" duration-ms="17567" started-at="2021-04-24T15:37:10Z" finished-at="2021-04-24T15:37:27Z">
          <reporter-output>
          </reporter-output>
        </test-method> <!-- setup -->
        <test-method status="PASS" signature="logintest()[pri:3, instance:Inf.admintestcases.logintestcase@2893de87]" name="logintest" duration-ms="18621" started-at="2021-04-24T15:37:27Z" finished-at="2021-04-24T15:37:46Z">
          <reporter-output>
          </reporter-output>
        </test-method> <!-- logintest -->
        <test-method status="PASS" signature="afterMethod()[pri:0, instance:Inf.admintestcases.logintestcase@2893de87]" name="afterMethod" is-config="true" duration-ms="4523" started-at="2021-04-24T15:37:46Z" finished-at="2021-04-24T15:37:50Z">
          <reporter-output>
          </reporter-output>
        </test-method> <!-- afterMethod -->
      </class> <!-- Inf.admintestcases.logintestcase -->
      <class name="Inf.admintestcases.addvisitorpagetest">
        <test-method status="PASS" signature="setup()[pri:0, instance:Inf.admintestcases.addvisitorpagetest@12d3a4e9]" name="setup" is-config="true" duration-ms="36650" started-at="2021-04-24T15:31:31Z" finished-at="2021-04-24T15:32:08Z">
          <reporter-output>
          </reporter-output>
        </test-method> <!-- setup -->
        <test-method status="PASS" signature="addvisitor([Ljava.lang.String;)[pri:0, instance:Inf.admintestcases.addvisitorpagetest@12d3a4e9]" name="addvisitor" duration-ms="18911" started-at="2021-04-24T15:32:08Z" data-provider="getVISTestData" finished-at="2021-04-24T15:32:27Z">
          <params>
            <param index="0">
              <value>
                <![CDATA[[Ljava.lang.String;@4f89331f]]>
              </value>
            </param>
          </params>
          <reporter-output>
          </reporter-output>
        </test-method> <!-- addvisitor -->
        <test-method status="PASS" signature="aftermethod()[pri:0, instance:Inf.admintestcases.addvisitorpagetest@12d3a4e9]" name="aftermethod" is-config="true" duration-ms="1" started-at="2021-04-24T15:32:27Z" finished-at="2021-04-24T15:32:27Z">
          <reporter-output>
          </reporter-output>
        </test-method> <!-- aftermethod -->
        <test-method status="PASS" signature="setup()[pri:0, instance:Inf.admintestcases.addvisitorpagetest@12d3a4e9]" name="setup" is-config="true" duration-ms="41179" started-at="2021-04-24T15:32:27Z" finished-at="2021-04-24T15:33:08Z">
          <reporter-output>
          </reporter-output>
        </test-method> <!-- setup -->
        <test-method status="PASS" signature="addvisitor([Ljava.lang.String;)[pri:0, instance:Inf.admintestcases.addvisitorpagetest@12d3a4e9]" name="addvisitor" duration-ms="18254" started-at="2021-04-24T15:33:08Z" data-provider="getVISTestData" finished-at="2021-04-24T15:33:26Z">
          <params>
            <param index="0">
              <value>
                <![CDATA[[Ljava.lang.String;@618ff5c2]]>
              </value>
            </param>
          </params>
          <reporter-output>
          </reporter-output>
        </test-method> <!-- addvisitor -->
        <test-method status="PASS" signature="aftermethod()[pri:0, instance:Inf.admintestcases.addvisitorpagetest@12d3a4e9]" name="aftermethod" is-config="true" duration-ms="1" started-at="2021-04-24T15:33:26Z" finished-at="2021-04-24T15:33:26Z">
          <reporter-output>
          </reporter-output>
        </test-method> <!-- aftermethod -->
        <test-method status="PASS" signature="setup()[pri:0, instance:Inf.admintestcases.addvisitorpagetest@12d3a4e9]" name="setup" is-config="true" duration-ms="34555" started-at="2021-04-24T15:34:32Z" finished-at="2021-04-24T15:35:06Z">
          <reporter-output>
          </reporter-output>
        </test-method> <!-- setup -->
        <test-method status="PASS" signature="checkvisitorlist()[pri:1, instance:Inf.admintestcases.addvisitorpagetest@12d3a4e9]" name="checkvisitorlist" duration-ms="110" started-at="2021-04-24T15:35:06Z" finished-at="2021-04-24T15:35:07Z">
          <reporter-output>
          </reporter-output>
        </test-method> <!-- checkvisitorlist -->
        <test-method status="PASS" signature="aftermethod()[pri:0, instance:Inf.admintestcases.addvisitorpagetest@12d3a4e9]" name="aftermethod" is-config="true" duration-ms="0" started-at="2021-04-24T15:35:07Z" finished-at="2021-04-24T15:35:07Z">
          <reporter-output>
          </reporter-output>
        </test-method> <!-- aftermethod -->
        <test-method status="PASS" signature="setup()[pri:0, instance:Inf.admintestcases.addvisitorpagetest@12d3a4e9]" name="setup" is-config="true" duration-ms="42679" started-at="2021-04-24T15:36:27Z" finished-at="2021-04-24T15:37:09Z">
          <reporter-output>
          </reporter-output>
        </test-method> <!-- setup -->
        <test-method status="PASS" signature="clickaddvisitoroption()[pri:2, instance:Inf.admintestcases.addvisitorpagetest@12d3a4e9]" name="clickaddvisitoroption" duration-ms="364" started-at="2021-04-24T15:37:09Z" finished-at="2021-04-24T15:37:10Z">
          <reporter-output>
          </reporter-output>
        </test-method> <!-- clickaddvisitoroption -->
        <test-method status="PASS" signature="aftermethod()[pri:0, instance:Inf.admintestcases.addvisitorpagetest@12d3a4e9]" name="aftermethod" is-config="true" duration-ms="0" started-at="2021-04-24T15:37:10Z" finished-at="2021-04-24T15:37:10Z">
          <reporter-output>
          </reporter-output>
        </test-method> <!-- aftermethod -->
        <test-method status="PASS" signature="setup()[pri:0, instance:Inf.admintestcases.addvisitorpagetest@12d3a4e9]" name="setup" is-config="true" duration-ms="48425" started-at="2021-04-24T15:37:50Z" finished-at="2021-04-24T15:38:39Z">
          <reporter-output>
          </reporter-output>
        </test-method> <!-- setup -->
        <test-method status="FAIL" signature="display1()[pri:3, instance:Inf.admintestcases.addvisitorpagetest@12d3a4e9]" name="display1" duration-ms="10595" started-at="2021-04-24T15:38:39Z" finished-at="2021-04-24T15:38:49Z">
          <exception class="java.lang.NullPointerException">
            <full-stacktrace>
              <![CDATA[java.lang.NullPointerException
	at Inf.pages.addvisitorpage.display(addvisitorpage.java:63)
	at Inf.admintestcases.addvisitorpagetest.display1(addvisitorpagetest.java:59)
	at sun.reflect.NativeMethodAccessorImpl.invoke0(Native Method)
	at sun.reflect.NativeMethodAccessorImpl.invoke(Unknown Source)
	at sun.reflect.DelegatingMethodAccessorImpl.invoke(Unknown Source)
	at java.lang.reflect.Method.invoke(Unknown Source)
	at org.testng.internal.MethodInvocationHelper.invokeMethod(MethodInvocationHelper.java:108)
	at org.testng.internal.Invoker.invokeMethod(Invoker.java:661)
	at org.testng.internal.Invoker.invokeTestMethod(Invoker.java:869)
	at org.testng.internal.Invoker.invokeTestMethods(Invoker.java:1193)
	at org.testng.internal.TestMethodWorker.invokeTestMethods(TestMethodWorker.java:126)
	at org.testng.internal.TestMethodWorker.run(TestMethodWorker.java:109)
	at org.testng.TestRunner.privateRun(TestRunner.java:744)
	at org.testng.TestRunner.run(TestRunner.java:602)
	at org.testng.SuiteRunner.runTest(SuiteRunner.java:380)
	at org.testng.SuiteRunner.runSequentially(SuiteRunner.java:375)
	at org.testng.SuiteRunner.privateRun(SuiteRunner.java:340)
	at org.testng.SuiteRunner.run(SuiteRunner.java:289)
	at org.testng.SuiteRunnerWorker.runSuite(SuiteRunnerWorker.java:52)
	at org.testng.SuiteRunnerWorker.run(SuiteRunnerWorker.java:86)
	at org.testng.TestNG.runSuitesSequentially(TestNG.java:1301)
	at org.testng.TestNG.runSuitesLocally(TestNG.java:1226)
	at org.testng.TestNG.runSuites(TestNG.java:1144)
	at org.testng.TestNG.run(TestNG.java:1115)
	at org.testng.remote.AbstractRemoteTestNG.run(AbstractRemoteTestNG.java:115)
	at org.testng.remote.RemoteTestNG.initAndRun(RemoteTestNG.java:251)
	at org.testng.remote.RemoteTestNG.main(RemoteTestNG.java:77)
]]>
            </full-stacktrace>
          </exception> <!-- java.lang.NullPointerException -->
          <reporter-output>
          </reporter-output>
        </test-method> <!-- display1 -->
        <test-method status="PASS" signature="aftermethod()[pri:0, instance:Inf.admintestcases.addvisitorpagetest@12d3a4e9]" name="aftermethod" is-config="true" duration-ms="1" started-at="2021-04-24T15:38:50Z" finished-at="2021-04-24T15:38:50Z">
          <reporter-output>
          </reporter-output>
        </test-method> <!-- aftermethod -->
      </class> <!-- Inf.admintestcases.addvisitorpagetest -->
      <class name="Inf.admintestcases.frontofficetest">
        <test-method status="PASS" signature="setup()[pri:0, instance:Inf.admintestcases.frontofficetest@2c34f934]" name="setup" is-config="true" duration-ms="28386" started-at="2021-04-24T15:34:03Z" finished-at="2021-04-24T15:34:32Z">
          <reporter-output>
          </reporter-output>
        </test-method> <!-- setup -->
        <test-method status="PASS" signature="checktitletest()[pri:1, instance:Inf.admintestcases.frontofficetest@2c34f934]" name="checktitletest" duration-ms="76" started-at="2021-04-24T15:34:32Z" finished-at="2021-04-24T15:34:32Z">
          <reporter-output>
          </reporter-output>
        </test-method> <!-- checktitletest -->
        <test-method status="PASS" signature="setup()[pri:0, instance:Inf.admintestcases.frontofficetest@2c34f934]" name="setup" is-config="true" duration-ms="43454" started-at="2021-04-24T15:35:39Z" finished-at="2021-04-24T15:36:22Z">
          <reporter-output>
          </reporter-output>
        </test-method> <!-- setup -->
        <test-method status="PASS" signature="clickvisitorbook()[pri:2, instance:Inf.admintestcases.frontofficetest@2c34f934]" name="clickvisitorbook" duration-ms="4217" started-at="2021-04-24T15:36:22Z" finished-at="2021-04-24T15:36:27Z">
          <reporter-output>
          </reporter-output>
        </test-method> <!-- clickvisitorbook -->
      </class> <!-- Inf.admintestcases.frontofficetest -->
    </test> <!-- Hms admin login Test -->
  </suite> <!-- Suite -->
</testng-results>
